<?xml version="1.0" encoding="UTF-8"?>
<!-- Generated by org.testng.reporters.JUnitReportReporter -->
<testsuite hostname="DESKTOP-K3MHIRS" failures="0" tests="7" name="org.bd.bikroy.bikroyhome" time="54.066" errors="0" timestamp="2022-08-31T15:16:08 BDT" skipped="0">
  <testcase classname="org.bd.bikroy.bikroyhome" name="openurl" time="10.558"/>
  <system-out/>
  <testcase classname="org.bd.bikroy.bikroyhome" name="login" time="5.108"/>
  <system-out/>
  <testcase classname="org.bd.bikroy.bikroyhome" name="loginemail" time="5.074"/>
  <system-out/>
  <testcase classname="org.bd.bikroy.bikroyhome" name="loginnfo" time="5.199"/>
  <system-out/>
  <testcase classname="org.bd.bikroy.bikroyhome" name="loginbutton" time="5.110"/>
  <system-out/>
  <testcase classname="org.bd.bikroy.bikroyhome" name="locationbtn" time="17.910"/>
  <system-out/>
  <testcase classname="org.bd.bikroy.bikroyhome" name="locationslct" time="5.107"/>
  <system-out/>
</testsuite> <!-- org.bd.bikroy.bikroyhome -->
